[2025-4-5 19:56:14] [WARN] traversePlayerSaveDir: 遍历文件时发生错误：ENOENT: no such file or directory, scandir 'C:/Users/C:\Users\yingy\AppData\Roaming\StardewValley\Saves\steam_autocloud.vdf/AppData/Roaming/StardewValley/Saves'
[2025-4-5 19:56:26] [WARN] traversePlayerSaveDir: 遍历文件时发生错误：ENOENT: no such file or directory, scandir 'C:/Users/C:\Users\yingy\AppData\Roaming\StardewValley\Saves\steam_autocloud.vdf/AppData/Roaming/StardewValley/Saves'
[2025-4-5 19:57:0] [ERROR] traversePlayerSaveDir: 遍历文件时发生错误：ENOENT: no such file or directory, scandir 'C:/Users/C:\Users\yingy\AppData\Roaming\StardewValley\Saves\steam_autocloud.vdf/AppData/Roaming/StardewValley/Saves'
[2025-4-5 19:57:27] [ERROR] traversePlayerSaveDir: 遍历文件时发生错误：ENOENT: no such file or directory, scandir 'C:/Users/C:\Users\yingy\AppData\Roaming\StardewValley\Saves\小猫乌托邦_403507990/AppData/Roaming/StardewValley/Saves'
[2025-4-5 19:57:47] [ERROR] traversePlayerSaveDir: 遍历文件时发生错误：ENOENT: no such file or directory, scandir 'C:/Users/C:\Users\yingy\AppData\Roaming\StardewValley\Saves\steam_autocloud.vdf/AppData/Roaming/StardewValley/Saves'
[2025-4-5 19:59:9] [INFO] traveserPlayerSaveDir: 文件路径：C:/Users/C:\Users\yingy\AppData\Roaming\StardewValley\Saves\steam_autocloud.vdf/AppData/Roaming/StardewValley/Saves
[2025-4-5 19:59:9] [INFO] traveserPlayerSaveDir: 文件路径：C:/Users/yingy/AppData/Roaming/StardewValley/Saves
[2025-4-5 19:59:9] [ERROR] traversePlayerSaveDir: 遍历文件时发生错误：ENOENT: no such file or directory, scandir 'C:/Users/C:\Users\yingy\AppData\Roaming\StardewValley\Saves\steam_autocloud.vdf/AppData/Roaming/StardewValley/Saves'
[2025-4-5 19:59:35] [INFO] traveserPlayerSaveDir: 文件路径：C:/Users/yingy/AppData/Roaming/StardewValley/Saves
[2025-4-5 19:59:35] [INFO] traveserPlayerSaveDir: 文件路径：C:/Users/C:\Users\yingy\AppData\Roaming\StardewValley\Saves\steam_autocloud.vdf/AppData/Roaming/StardewValley/Saves
[2025-4-5 19:59:35] [ERROR] traversePlayerSaveDir: 遍历文件时发生错误：ENOENT: no such file or directory, scandir 'C:/Users/C:\Users\yingy\AppData\Roaming\StardewValley\Saves\steam_autocloud.vdf/AppData/Roaming/StardewValley/Saves'
[2025-4-5 20:0:20] [INFO] traveserPlayerSaveDir: 文件路径：C:/Users/yingy/AppData/Roaming/StardewValley/Saves
[2025-4-5 20:0:20] [INFO] traveserPlayerSaveDir: 文件路径：C:/Users/C:\Users\yingy\AppData\Roaming\StardewValley\Saves\steam_autocloud.vdf/AppData/Roaming/StardewValley/Saves
[2025-4-5 20:0:20] [ERROR] traversePlayerSaveDir: 遍历文件时发生错误：ENOENT: no such file or directory, scandir 'C:/Users/C:\Users\yingy\AppData\Roaming\StardewValley\Saves\steam_autocloud.vdf/AppData/Roaming/StardewValley/Saves'
[2025-4-5 20:0:56] [INFO] traveserPlayerSaveDir: 文件路径：C:/Users/yingy/AppData/Roaming/StardewValley/Saves
[2025-4-5 20:0:56] [INFO] traveserPlayerSaveDir: 文件路径：C:/Users/C:\Users\yingy\AppData\Roaming\StardewValley\Saves/AppData/Roaming/StardewValley/Saves
[2025-4-5 20:0:56] [ERROR] traversePlayerSaveDir: 遍历文件时发生错误：ENOENT: no such file or directory, scandir 'C:/Users/C:\Users\yingy\AppData\Roaming\StardewValley\Saves/AppData/Roaming/StardewValley/Saves'
[2025-4-5 20:1:12] [INFO] traveserPlayerSaveDir: 文件路径：C:/Users/yingy/AppData/Roaming/StardewValley/Saves
[2025-4-5 20:1:12] [INFO] traveserPlayerSaveDir: 文件路径：C:/Users/C:\Users\yingy\AppData\Roaming\StardewValley\Saves/AppData/Roaming/StardewValley/Saves
[2025-4-5 20:1:12] [ERROR] traversePlayerSaveDir: 遍历文件时发生错误：ENOENT: no such file or directory, scandir 'C:/Users/C:\Users\yingy\AppData\Roaming\StardewValley\Saves/AppData/Roaming/StardewValley/Saves'
