[2025-4-12 18:40:44] [INFO] ZJTB: 初始化
[2025-4-12 18:42:48] [INFO] ZJTB: 初始化
[2025-4-12 18:42:56] [INFO] ZJTB: 初始化
[2025-4-12 18:42:56] [INFO] main: 执行查看谱面信息命令
[2025-4-12 18:42:56] [INFO] traverseTempDir: 找到谱面: temp\1740058385.mc
[2025-4-12 18:42:56] [INFO] getBeatmapFileData: 谱面解析成功！
[2025-4-12 18:42:56] [INFO] delTempDir: 删除临时目录成功！
[2025-4-12 18:48:38] [INFO] ZJTB: 初始化
[2025-4-12 18:48:38] [INFO] main: 执行查看谱面信息命令
[2025-4-12 18:48:38] [ERROR] UnzipBeatmap: 解压谱面时发生错误ENOENT: no such file or directory, open 'E:\Develop\Code\ZJToolBox\src\Palette GAMMA(5).mcz'
[2025-4-12 18:48:38] [ERROR] showBeatmapChoices: 错误：文件的格式似乎不对呢 
[2025-4-12 18:48:45] [INFO] ZJTB: 初始化
[2025-4-12 18:48:45] [INFO] main: 执行查看谱面信息命令
[2025-4-12 18:48:45] [INFO] traverseTempDir: 找到谱面: temp\1740058385.mc
[2025-4-12 18:48:45] [INFO] getBeatmapFileData: 谱面解析成功！
[2025-4-12 18:48:45] [INFO] delTempDir: 删除临时目录成功！
[2025-4-12 18:59:41] [INFO] ZJTB: 初始化
[2025-4-12 18:59:41] [INFO] main: 执行查看谱面信息命令
[2025-4-12 18:59:41] [INFO] traverseTempDir: 找到谱面: temp\1740058385.mc
[2025-4-12 18:59:41] [INFO] getBeatmapFileData: 谱面解析成功！
[2025-4-12 19:0:6] [INFO] ZJTB: 初始化
[2025-4-12 19:0:6] [INFO] main: 执行查看谱面信息命令
[2025-4-12 19:0:6] [INFO] traverseTempDir: 找到谱面: temp\1740058385.mc
[2025-4-12 19:0:6] [INFO] getBeatmapFileData: 谱面解析成功！
[2025-4-12 19:0:6] [INFO] delTempDir: 删除临时目录成功！
[2025-4-12 19:0:27] [INFO] ZJTB: 初始化
[2025-4-12 19:0:27] [INFO] main: 执行查看谱面信息命令
[2025-4-12 19:0:27] [INFO] traverseTempDir: 找到谱面: temp\1740058385.mc
[2025-4-12 19:0:27] [INFO] getBeatmapFileData: 谱面解析成功！
[2025-4-12 19:0:27] [INFO] delTempDir: 删除临时目录成功！
[2025-4-12 19:0:45] [INFO] ZJTB: 初始化
[2025-4-12 19:0:45] [INFO] main: 执行查看谱面信息命令
[2025-4-12 19:0:45] [INFO] traverseTempDir: 找到谱面: temp\1740058385.mc
[2025-4-12 19:0:45] [INFO] getBeatmapFileData: 谱面解析成功！
[2025-4-12 19:0:45] [INFO] delTempDir: 删除临时目录成功！
[2025-4-12 19:0:57] [INFO] ZJTB: 初始化
[2025-4-12 19:0:57] [INFO] main: 执行查看谱面信息命令
[2025-4-12 19:0:57] [INFO] traverseTempDir: 找到谱面: temp\1740058385.mc
[2025-4-12 19:0:57] [INFO] getBeatmapFileData: 谱面解析成功！
[2025-4-12 19:0:57] [INFO] delTempDir: 删除临时目录成功！
[2025-4-12 19:1:25] [INFO] ZJTB: 初始化
[2025-4-12 19:1:25] [INFO] main: 执行查看谱面信息命令
[2025-4-12 19:1:25] [INFO] traverseTempDir: 找到谱面: temp\1740058385.mc
[2025-4-12 19:1:25] [INFO] getBeatmapFileData: 谱面解析成功！
[2025-4-12 19:1:25] [INFO] delTempDir: 删除临时目录成功！
[2025-4-12 19:9:2] [INFO] ZJTB: 初始化
[2025-4-12 19:9:6] [INFO] ZJTB: 初始化
[2025-4-12 19:9:13] [INFO] ZJTB: 初始化
[2025-4-12 19:9:21] [INFO] ZJTB: 初始化
[2025-4-12 19:12:28] [INFO] ZJTB: CLI初始化
[2025-4-12 19:13:20] [INFO] ZJTB: CLI初始化
[2025-4-12 19:28:3] [INFO] ZJTB: CLI初始化
[2025-4-12 19:29:21] [INFO] ZJTB: CLI初始化
[2025-4-12 19:30:1] [INFO] ZJTB: CLI初始化
[2025-4-12 19:30:11] [INFO] ZJTB: CLI初始化
[2025-4-12 19:30:17] [INFO] ZJTB: CLI初始化
[2025-4-12 19:30:17] [INFO] timeStampToTime: 转换结果NaN-NaN-NaN NaN:NaN
[2025-4-12 19:30:33] [INFO] ZJTB: CLI初始化
[2025-4-12 19:30:33] [INFO] timeStampToTime: 转换结果1970-01-01 8:0
[2025-4-12 19:30:36] [INFO] ZJTB: CLI初始化
[2025-4-12 19:30:36] [INFO] timeStampToTime: 转换结果1970-01-01 8:0
[2025-4-12 19:30:37] [INFO] ZJTB: CLI初始化
[2025-4-12 19:30:37] [INFO] timeStampToTime: 转换结果1970-01-01 8:0
[2025-4-12 19:30:53] [INFO] ZJTB: CLI初始化
[2025-4-12 19:30:53] [INFO] timeStampToTime: 转换结果2025-04-12 19:30
[2025-4-12 19:30:56] [INFO] ZJTB: CLI初始化
[2025-4-12 19:30:56] [INFO] timeStampToTime: 转换结果2025-04-12 19:30
[2025-4-12 19:31:9] [INFO] ZJTB: CLI初始化
[2025-4-12 19:31:9] [INFO] timeStampToTime: 转换结果2025-04-12 19:30
[2025-4-12 19:31:11] [INFO] ZJTB: CLI初始化
[2025-4-12 19:31:11] [INFO] timeStampToTime: 转换结果2025-04-12 19:30
[2025-4-12 19:31:23] [INFO] ZJTB: CLI初始化
[2025-4-12 19:31:23] [INFO] timeStampToTime: 转换结果2025-04-12 19:30
[2025-4-12 19:31:41] [INFO] ZJTB: CLI初始化
[2025-4-12 19:31:41] [INFO] timeStampToTime: 2025-04-12 19:30
[2025-4-12 19:32:47] [INFO] ZJTB: CLI初始化
[2025-4-12 19:32:47] [INFO] timeStampToTime: 1975-07-13 9:9
[2025-4-12 19:32:50] [INFO] ZJTB: CLI初始化
[2025-4-12 19:32:50] [INFO] timeStampToTime: 1970-01-03 8:27
[2025-4-12 19:32:56] [INFO] ZJTB: CLI初始化
[2025-4-12 19:32:56] [INFO] timeStampToTime: 1970-01-01 8:0
[2025-4-12 19:34:20] [INFO] ZJTB: CLI初始化
[2025-4-12 19:34:20] [INFO] timeStampToTime: 1970-01-01 8:0
[2025-4-12 19:34:53] [INFO] ZJTB: CLI初始化
[2025-4-12 19:34:53] [INFO] timeStampToTime: 1970-01-01 8:0
[2025-4-12 19:35:21] [INFO] ZJTB: CLI初始化
[2025-4-12 19:35:21] [INFO] timeStampToTime: 1970-01-01 8:0
[2025-4-12 19:36:20] [INFO] ZJTB: CLI初始化
[2025-4-12 19:36:20] [INFO] timeStampToTime: 1970-01-01 8:0
[2025-4-12 19:38:42] [INFO] ZJTB: CLI初始化
[2025-4-12 19:38:42] [INFO] timeStampToTime: 1970-01-01 08:00
[2025-4-12 19:38:47] [INFO] ZJTB: CLI初始化
[2025-4-12 19:38:47] [INFO] timeStampToTime: 1970-01-01 08:00
[2025-4-12 19:38:51] [INFO] ZJTB: CLI初始化
[2025-4-12 19:38:51] [INFO] timeStampToTime: NaN-NaN-NaN NaN:NaN
[2025-4-12 19:38:55] [INFO] ZJTB: CLI初始化
[2025-4-12 19:38:55] [INFO] timeStampToTime: 1970-01-01 07:59
[2025-4-12 19:39:0] [INFO] ZJTB: CLI初始化
[2025-4-12 19:39:0] [INFO] timeStampToTime: 1969-12-30 19:31
[2025-4-12 19:39:35] [INFO] ZJTB: CLI初始化
[2025-4-12 19:39:35] [INFO] timeStampToTime: 1970-01-01 07:59
[2025-4-12 19:39:37] [INFO] ZJTB: CLI初始化
[2025-4-12 19:39:37] [INFO] timeStampToTime: NaN-NaN-NaN NaN:NaN
[2025-4-12 19:39:39] [INFO] ZJTB: CLI初始化
[2025-4-12 19:39:39] [INFO] timeStampToTime: NaN-NaN-NaN NaN:NaN
[2025-4-12 19:39:49] [INFO] ZJTB: CLI初始化
[2025-4-12 19:39:49] [INFO] timeStampToTime: NaN-NaN-NaN NaN:NaN
[2025-4-12 19:42:51] [INFO] ZJTB: CLI初始化
[2025-4-12 19:43:13] [INFO] ZJTB: CLI初始化
[2025-4-12 19:43:13] [ERROR] timeStampToTime: 错误：时间戳有误：-1a
[2025-4-12 19:43:13] [INFO] timeStampToTime: undefined
[2025-4-12 19:43:42] [INFO] ZJTB: CLI初始化
[2025-4-12 19:43:42] [ERROR] timeStampToTime: 错误：时间戳有误：-1a
[2025-4-12 19:43:42] [INFO] timeStampToTime: -1
[2025-4-12 19:43:49] [INFO] ZJTB: CLI初始化
[2025-4-12 19:43:49] [ERROR] timeStampToTime: 错误：时间戳有误：-1a
[2025-4-12 19:43:49] [INFO] timeStampToTime: ERROR
