[2025-04-24 20:54:04] [32m[INFO] [39mParseReplay: ТќЄС╗Хтц┤ТаАжфїТѕљтіЪ
[2025-04-24 20:54:04] [32m[INFO] [39mgetReplayInfo: тц┤жЃетЂЈуД╗жЄЈ:        22
[2025-04-24 20:54:04] [32m[INFO] [39mgetReplayInfo: тц┤жЃетЇЂтЁГУ┐ЏтѕХтГЌугд:  20000000
[2025-04-24 20:54:04] [32m[INFO] [39mgetReplayInfo: т░ЙжЃетЂЈуД╗жЄЈ:        58
[2025-04-24 20:54:04] [32m[INFO] [39mgetReplayInfo: т░ЙжЃетЇЂтЁГУ┐ЏтѕХтГЌугд:  0b000000
[2025-04-24 20:58:23] [INFO] ParseReplay: ТќЄС╗Хтц┤ТаАжфїТѕљтіЪ
[2025-04-24 20:58:23] [INFO] getReplayInfo: т░ЙжЃетЇЂтЁГУ┐ЏтѕХтГЌугд:  0b000000
[2025-04-24 20:58:23] [INFO] getReplayInfo: тц┤жЃетЂЈуД╗жЄЈ:        22
[2025-04-24 20:58:23] [INFO] getReplayInfo: тц┤жЃетЇЂтЁГУ┐ЏтѕХтГЌугд:  20000000
[2025-04-24 20:58:23] [INFO] getReplayInfo: т░ЙжЃетЂЈуД╗жЄЈ:        58
[2025-04-24 21:04:42] [INFO] ParseReplay: ТќЄС╗Хтц┤ТаАжфїТѕљтіЪ
[2025-04-24 21:04:42] [INFO] getReplayInfo: т░ЙжЃетЇЂтЁГУ┐ЏтѕХтГЌугд:  0b000000
[2025-04-24 21:04:42] [INFO] getReplayInfo: тц┤жЃетЂЈуД╗жЄЈ:        22
[2025-04-24 21:04:42] [INFO] getReplayInfo: тц┤жЃетЇЂтЁГУ┐ЏтѕХтГЌугд:  20000000
[2025-04-24 21:04:42] [INFO] getReplayInfo: т░ЙжЃетЂЈуД╗жЄЈ:        58
[2025-04-24 21:06:01] [INFO] ParseReplay: ТќЄС╗Хтц┤ТаАжфїТѕљтіЪ
[2025-04-24 21:06:01] [INFO] getReplayInfo: тц┤жЃетЂЈуД╗жЄЈ:        22
[2025-04-24 21:06:01] [INFO] getReplayInfo: тц┤жЃетЇЂтЁГУ┐ЏтѕХтГЌугд:  20000000
[2025-04-24 21:06:01] [INFO] getReplayInfo: т░ЙжЃетЂЈуД╗жЄЈ:        58
[2025-04-24 21:06:01] [INFO] getReplayInfo: т░ЙжЃетЇЂтЁГУ┐ЏтѕХтГЌугд:  0b000000
[2025-04-24 21:06:58] [INFO] ParseReplay: ТќЄС╗Хтц┤ТаАжфїТѕљтіЪ
[2025-04-24 21:06:58] [INFO] getReplayInfo: тц┤жЃетЂЈуД╗жЄЈ: undefined
[2025-04-24 21:06:58] [INFO] getReplayInfo: тц┤жЃетЂЈуД╗жЄЈ:        22
[2025-04-24 21:06:58] [INFO] getReplayInfo: тц┤жЃетЇЂтЁГУ┐ЏтѕХтГЌугд:  20000000
[2025-04-24 21:06:58] [INFO] getReplayInfo: т░ЙжЃетЂЈуД╗жЄЈ:        58
[2025-04-24 21:06:58] [INFO] getReplayInfo: т░ЙжЃетЇЂтЁГУ┐ЏтѕХтГЌугд:  0b000000
[2025-04-24 21:07:07] [INFO] ParseReplay: ТќЄС╗Хтц┤ТаАжфїТѕљтіЪ
[2025-04-24 21:07:07] [INFO] getReplayInfo: тц┤жЃетЂЈуД╗жЄЈ: undefined
[2025-04-24 21:07:07] [INFO] getReplayInfo: тц┤жЃетЂЈуД╗жЄЈ:        22
[2025-04-24 21:07:07] [INFO] getReplayInfo: тц┤жЃетЇЂтЁГУ┐ЏтѕХтГЌугд:  20000000
[2025-04-24 21:07:07] [INFO] getReplayInfo: т░ЙжЃетЂЈуД╗жЄЈ:        58
[2025-04-24 21:07:07] [INFO] getReplayInfo: т░ЙжЃетЇЂтЁГУ┐ЏтѕХтГЌугд:  0b000000
[2025-04-24 21:07:18] [INFO] ParseReplay: ТќЄС╗Хтц┤ТаАжфїТѕљтіЪ
[2025-04-24 21:07:18] [INFO] getReplayInfo: тц┤жЃетЂЈуД╗жЄЈ: 22
[2025-04-24 21:07:18] [INFO] getReplayInfo: тц┤жЃетЂЈуД╗жЄЈ:        22
[2025-04-24 21:07:18] [INFO] getReplayInfo: тц┤жЃетЇЂтЁГУ┐ЏтѕХтГЌугд:  20000000
[2025-04-24 21:07:18] [INFO] getReplayInfo: т░ЙжЃетЂЈуД╗жЄЈ:        58
[2025-04-24 21:07:18] [INFO] getReplayInfo: т░ЙжЃетЇЂтЁГУ┐ЏтѕХтГЌугд:  0b000000
[2025-04-24 21:08:37] [INFO] ParseReplay: ТќЄС╗Хтц┤ТаАжфїТѕљтіЪ
[2025-04-24 21:08:37] [INFO] getReplayInfo: тц┤жЃетЂЈуД╗жЄЈ: 22
[2025-04-24 21:08:37] [INFO] getReplayInfo: тц┤жЃетЇЂтЁГУ┐ЏтѕХтГЌугд:  20000000
[2025-04-24 21:11:11] [INFO] ParseReplay: ТќЄС╗Хтц┤ТаАжфїТѕљтіЪ
[2025-04-24 21:11:11] [INFO] getReplayInfo: т░ЙжЃетЇЂтЁГУ┐ЏтѕХтГЌугд:  0b000000
[2025-04-24 21:11:11] [INFO] getReplayInfo: тц┤жЃетЂЈуД╗жЄЈ: 22
[2025-04-24 21:11:11] [INFO] getReplayInfo: тц┤жЃетЇЂтЁГУ┐ЏтѕХтГЌугд:  20000000
[2025-04-24 21:11:11] [INFO] getReplayInfo: т░ЙжЃетЂЈуД╗жЄЈ: 58
[2025-04-24 21:12:52] [INFO] ParseReplay: ТќЄС╗Хтц┤ТаАжфїТѕљтіЪ
[2025-04-24 21:12:52] [INFO] getReplayInfo: тц┤жЃетЂЈуД╗жЄЈ: 22
[2025-04-24 21:12:52] [INFO] getReplayInfo: тц┤жЃетЇЂтЁГУ┐ЏтѕХтГЌугд:  20000000
[2025-04-24 21:12:52] [INFO] getReplayInfo: т░ЙжЃетЂЈуД╗жЄЈ: 58
[2025-04-24 21:12:52] [INFO] getReplayInfo: т░ЙжЃетЇЂтЁГУ┐ЏтѕХтГЌугд:  0b000000
