[2025-4-2 21:56:11] [INFO] YMT: 初始化命令行工具
[2025-4-2 21:56:11] [INFO] main: 执行查看谱面信息命令
[2025-4-2 21:56:11] [INFO] traverseTempDir: 找到谱面: temp/0/ex1 Dan v3 (M.D.C.E Team).mc
[2025-4-2 21:56:11] [INFO] traverseTempDir: 找到谱面: temp/0/ex2 Dan v3 (M.D.C.E Team).mc
[2025-4-2 21:56:11] [INFO] traverseTempDir: 找到谱面: temp/0/ex3 Dan v3 (M.D.C.E Team).mc
[2025-4-2 21:56:11] [INFO] traverseTempDir: 找到谱面: temp/0/ex4 Dan v3 (M.D.C.E Team).mc
[2025-4-2 21:56:11] [INFO] traverseTempDir: 找到谱面: temp/0/ex5 Dan v3 (M.D.C.E Team).mc
[2025-4-2 21:56:11] [INFO] traverseTempDir: 找到谱面: temp/0/ex6 Dan v3 (M.D.C.E Team).mc
[2025-4-2 21:56:11] [INFO] traverseTempDir: 找到谱面: temp/0/ex7 Dan v3 (M.D.C.E Team).mc
[2025-4-2 21:56:11] [INFO] traverseTempDir: 找到谱面: temp/0/ex8 Dan v3 (M.D.C.E Team).mc
[2025-4-2 21:56:11] [INFO] traverseTempDir: 找到谱面: temp/0/ex9 Dan v3 (M.D.C.E Team).mc
[2025-4-2 21:56:11] [INFO] traverseTempDir: 找到谱面: temp/0/exf Dan v3 (M.D.C.E Team).mc
[2025-4-2 21:56:11] [INFO] getBeatmapFileData: 谱面解析成功！
[2025-4-2 22:2:28] [INFO] YMT: 初始化命令行工具
[2025-4-2 22:2:28] [INFO] main: 执行查看谱面信息命令
[2025-4-2 22:2:28] [INFO] traverseTempDir: 找到谱面: temp/0/ex1 Dan v3 (M.D.C.E Team).mc
[2025-4-2 22:2:28] [INFO] traverseTempDir: 找到谱面: temp/0/ex2 Dan v3 (M.D.C.E Team).mc
[2025-4-2 22:2:28] [INFO] traverseTempDir: 找到谱面: temp/0/ex3 Dan v3 (M.D.C.E Team).mc
[2025-4-2 22:2:28] [INFO] traverseTempDir: 找到谱面: temp/0/ex5 Dan v3 (M.D.C.E Team).mc
[2025-4-2 22:2:28] [INFO] traverseTempDir: 找到谱面: temp/0/ex4 Dan v3 (M.D.C.E Team).mc
[2025-4-2 22:2:28] [INFO] traverseTempDir: 找到谱面: temp/0/ex6 Dan v3 (M.D.C.E Team).mc
[2025-4-2 22:2:28] [INFO] traverseTempDir: 找到谱面: temp/0/ex7 Dan v3 (M.D.C.E Team).mc
[2025-4-2 22:2:28] [INFO] traverseTempDir: 找到谱面: temp/0/ex8 Dan v3 (M.D.C.E Team).mc
[2025-4-2 22:2:28] [INFO] traverseTempDir: 找到谱面: temp/0/ex9 Dan v3 (M.D.C.E Team).mc
[2025-4-2 22:2:28] [INFO] traverseTempDir: 找到谱面: temp/0/exf Dan v3 (M.D.C.E Team).mc
[2025-4-2 22:2:28] [INFO] delTempDir: 删除临时目录成功！
[2025-4-2 22:2:53] [INFO] YMT: 初始化命令行工具
[2025-4-2 22:2:53] [INFO] main: 执行查看谱面信息命令
[2025-4-2 22:2:53] [INFO] traverseTempDir: 找到谱面: temp/0/ex1 Dan v3 (M.D.C.E Team).mc
[2025-4-2 22:2:53] [INFO] traverseTempDir: 找到谱面: temp/0/ex2 Dan v3 (M.D.C.E Team).mc
[2025-4-2 22:2:53] [INFO] traverseTempDir: 找到谱面: temp/0/ex3 Dan v3 (M.D.C.E Team).mc
[2025-4-2 22:2:53] [INFO] traverseTempDir: 找到谱面: temp/0/ex4 Dan v3 (M.D.C.E Team).mc
[2025-4-2 22:2:53] [INFO] traverseTempDir: 找到谱面: temp/0/ex5 Dan v3 (M.D.C.E Team).mc
[2025-4-2 22:2:53] [INFO] traverseTempDir: 找到谱面: temp/0/ex7 Dan v3 (M.D.C.E Team).mc
[2025-4-2 22:2:53] [INFO] traverseTempDir: 找到谱面: temp/0/ex6 Dan v3 (M.D.C.E Team).mc
[2025-4-2 22:2:53] [INFO] traverseTempDir: 找到谱面: temp/0/ex8 Dan v3 (M.D.C.E Team).mc
[2025-4-2 22:2:53] [INFO] traverseTempDir: 找到谱面: temp/0/ex9 Dan v3 (M.D.C.E Team).mc
[2025-4-2 22:2:53] [INFO] traverseTempDir: 找到谱面: temp/0/exf Dan v3 (M.D.C.E Team).mc
[2025-4-2 22:2:53] [INFO] delTempDir: 删除临时目录成功！
[2025-4-2 22:3:14] [INFO] YMT: 初始化命令行工具
[2025-4-2 22:3:14] [INFO] main: 执行查看谱面信息命令
[2025-4-2 22:3:14] [INFO] traverseTempDir: 找到谱面: temp/0/ex1 Dan v3 (M.D.C.E Team).mc
[2025-4-2 22:3:14] [INFO] traverseTempDir: 找到谱面: temp/0/ex2 Dan v3 (M.D.C.E Team).mc
[2025-4-2 22:3:14] [INFO] traverseTempDir: 找到谱面: temp/0/ex3 Dan v3 (M.D.C.E Team).mc
[2025-4-2 22:3:14] [INFO] traverseTempDir: 找到谱面: temp/0/ex4 Dan v3 (M.D.C.E Team).mc
[2025-4-2 22:3:14] [INFO] traverseTempDir: 找到谱面: temp/0/ex5 Dan v3 (M.D.C.E Team).mc
[2025-4-2 22:3:14] [INFO] traverseTempDir: 找到谱面: temp/0/ex6 Dan v3 (M.D.C.E Team).mc
[2025-4-2 22:3:14] [INFO] traverseTempDir: 找到谱面: temp/0/ex7 Dan v3 (M.D.C.E Team).mc
[2025-4-2 22:3:14] [INFO] traverseTempDir: 找到谱面: temp/0/ex8 Dan v3 (M.D.C.E Team).mc
[2025-4-2 22:3:14] [INFO] traverseTempDir: 找到谱面: temp/0/ex9 Dan v3 (M.D.C.E Team).mc
[2025-4-2 22:3:14] [INFO] traverseTempDir: 找到谱面: temp/0/exf Dan v3 (M.D.C.E Team).mc
[2025-4-2 22:3:14] [INFO] getBeatmapFileData: 谱面解析成功！
[2025-4-2 22:3:14] [INFO] delTempDir: 删除临时目录成功！
